<?xml version="1.0" encoding="UTF-8"?>
<!-- Generated by org.testng.reporters.JUnitReportReporter -->
<testsuite hostname="DESKTOP-9R59LGC" failures="0" tests="3" name="com.seatech.test.login.LoginTestcase" time="22.589" errors="0" timestamp="2023-11-15T17:56:49 ICT" skipped="0">
  <testcase classname="com.seatech.test.login.LoginTestcase" name="LoginTestcase" time="17.375"/>
  <testcase classname="com.seatech.test.login.LoginTestcase" name="DashboardTestcase" time="5.212"/>
  <testcase classname="com.seatech.test.login.LoginTestcase" name="verifyTitle" time="0.002"/>
</testsuite> <!-- com.seatech.test.login.LoginTestcase -->
