<?xml version="1.0" encoding="UTF-8"?>
<!-- Generated by org.testng.reporters.JUnitReportReporter -->
<testsuite hostname="DESKTOP-9R59LGC" failures="0" tests="3" name="com.seatech.test.login.LoginTestcase" time="79.423" errors="0" timestamp="2023-11-14T11:40:33 ICT" skipped="0">
  <testcase classname="com.seatech.test.login.LoginTestcase" name="LoginTestcase" time="12.371"/>
  <testcase classname="com.seatech.test.login.LoginTestcase" name="DashboardTestcase" time="67.036"/>
  <testcase classname="com.seatech.test.login.LoginTestcase" name="verifyTitle" time="0.016"/>
</testsuite> <!-- com.seatech.test.login.LoginTestcase -->
