<?xml version="1.0" encoding="UTF-8"?>
<!-- Generated by org.testng.reporters.JUnitReportReporter -->
<testsuite hostname="DESKTOP-9R59LGC" failures="0" tests="3" name="com.seatech.test.login.LoginTestcase" time="40.074" errors="0" timestamp="2023-11-14T14:01:32 ICT" skipped="0">
  <testcase classname="com.seatech.test.login.LoginTestcase" name="LoginTestcase" time="4.833"/>
  <testcase classname="com.seatech.test.login.LoginTestcase" name="DashboardTestcase" time="5.175"/>
  <testcase classname="com.seatech.test.login.LoginTestcase" name="verifyTitle" time="30.066"/>
</testsuite> <!-- com.seatech.test.login.LoginTestcase -->
