<?xml version="1.0" encoding="UTF-8"?>
<!-- Generated by org.testng.reporters.JUnitReportReporter -->
<testsuite hostname="DESKTOP-9R59LGC" failures="0" tests="3" name="com.seatech.test.login.LoginTestcase" time="113.389" errors="0" timestamp="2023-11-20T17:44:09 ICT" skipped="1">
  <testcase classname="com.seatech.test.login.LoginTestcase" name="clickSubMenu" time="30.084"/>
  <testcase classname="com.seatech.test.login.LoginTestcase" name="LoginTestcase" time="83.305"/>
  <testcase classname="com.seatech.test.login.LoginTestcase" name="verifyTitle">
    <skipped/>
  </testcase> <!-- verifyTitle -->
</testsuite> <!-- com.seatech.test.login.LoginTestcase -->
