<?xml version="1.0" encoding="UTF-8"?>
<!-- Generated by org.testng.reporters.JUnitReportReporter -->
<testsuite hostname="DUYTQ" failures="0" tests="1" name="com.seatech.test.login.LoginPageTest" time="6.094" errors="0" timestamp="2023-11-06T22:46:05 ICT" skipped="0">
  <testcase classname="com.seatech.test.login.LoginPageTest" name="toolsMenu" time="6.094"/>
</testsuite> <!-- com.seatech.test.login.LoginPageTest -->
