<?xml version="1.0" encoding="UTF-8"?>
<!-- Generated by org.testng.reporters.JUnitReportReporter -->
<testsuite hostname="DESKTOP-9R59LGC" failures="0" tests="4" name="com.seatech.test.login.LoginTestcase" time="84.431" errors="0" timestamp="2023-11-17T15:23:38 ICT" skipped="0">
  <testcase classname="com.seatech.test.login.LoginTestcase" name="LoginTestcase" time="18.237"/>
  <testcase classname="com.seatech.test.login.LoginTestcase" name="verifyUsername" time="0.020"/>
  <testcase classname="com.seatech.test.login.LoginTestcase" name="DashboardTestcase" time="66.157"/>
  <testcase classname="com.seatech.test.login.LoginTestcase" name="verifyTitle" time="0.017"/>
</testsuite> <!-- com.seatech.test.login.LoginTestcase -->
