<?xml version="1.0" encoding="UTF-8"?>
<!-- Generated by org.testng.reporters.JUnitReportReporter -->
<testsuite hostname="DESKTOP-9R59LGC" failures="0" tests="3" name="com.seatech.test.login.LoginTestcase" time="48.676" errors="0" timestamp="2023-11-14T11:00:01 ICT" skipped="0">
  <testcase classname="com.seatech.test.login.LoginTestcase" name="LoginTestcase" time="11.997"/>
  <testcase classname="com.seatech.test.login.LoginTestcase" name="DashboardTestcase" time="36.663"/>
  <testcase classname="com.seatech.test.login.LoginTestcase" name="verifyTitle" time="0.016"/>
</testsuite> <!-- com.seatech.test.login.LoginTestcase -->
